Arguments: 
  C:\Program Files\nodejs\node.exe C:\Program Files\nodejs\node_modules\yarn\bin\yarn.js

PATH: 
  C:\Program Files (x86)\Intel\Intel(R) Management Engine Components\iCLS\;C:\Program Files\Intel\Intel(R) Management Engine Components\iCLS\;C:\Windows\system32;C:\Windows;C:\Windows\System32\Wbem;C:\Windows\System32\WindowsPowerShell\v1.0\;C:\Windows\System32\OpenSSH\;C:\Program Files (x86)\Intel\Intel(R) Management Engine Components\DAL;C:\Program Files\Intel\Intel(R) Management Engine Components\DAL;C:\Program Files (x86)\Intel\Intel(R) Management Engine Components\IPT;C:\Program Files\Intel\Intel(R) Management Engine Components\IPT;C:\Program Files (x86)\NVIDIA Corporation\PhysX\Common;C:\Program Files\NVIDIA Corporation\NVIDIA NvDLISR;C:\Program Files\Intel\WiFi\bin\;C:\Program Files\Common Files\Intel\WirelessCommon\;E:\nvm\nvm;C:\Program Files\nodejs;F:\bin;F:\node\;C:\WINDOWS\system32;C:\WINDOWS;C:\WINDOWS\System32\Wbem;C:\WINDOWS\System32\WindowsPowerShell\v1.0\;C:\WINDOWS\System32\OpenSSH\;F:\Git\Git\cmd;C:\Users\64459\AppData\Local\Programs\Python\Python37\Scripts\;C:\Users\64459\AppData\Local\Programs\Python\Python37\;C:\Users\64459\AppData\Local\Microsoft\WindowsApps;D:\Microsoft VS Code\bin;C:\Users\64459\.babun;E:\nvm\nvm;C:\Program Files\nodejs;F:\mysql-5.7.27-winx64\bin;;E:\Docker Toolbox;C:\Users\64459\AppData\Roaming\npm

Yarn version: 
  1.22.4

Node version: 
  10.15.3

Platform: 
  win32 x64

Trace: 
  Error: read ECONNRESET
      at TLSWrap.onStreamRead (internal/stream_base_commons.js:111:27)

npm manifest: 
  {
    "name": "jin-blog",
    "version": "1.0.0",
    "description": "jin's blog",
    "main": "index.js",
    "repository": "http://recoluan.gitlab.io",
    "author": "jinyueqiang",
    "license": "MIT",
    "scripts": {
      "test": "echo \"Error: no test specified\" && exit 1",
      "dev": "vuepress dev docs",
      "build": "vuepress build docs"
    },
    "dependencies": {
      "vuepress": "1.5.2",
      "vuepress-theme-reco": "1.5.3",
      "@vuepress/plugin-medium-zoom": "1.0.0-alpha.0",
      "vuepress-plugin-flowchart": "1.4.3",
      "@vuepress/plugin-pwa": "1.0.0-alpha.3"
    }
  }

yarn manifest: 
  No manifest

Lockfile: 
  No lockfile
